<?xml version="1.0" encoding="UTF-8"?>
<coverage generated="1778520463126" clover="3.2.0">
  <project timestamp="1778520463126" name="All files">
    <metrics statements="33" coveredstatements="33" conditionals="21" coveredconditionals="19" methods="11" coveredmethods="9" elements="65" coveredelements="61" complexity="0" loc="33" ncloc="33" packages="1" files="1" classes="1"/>
    <file name="main.js" path="/home/runner/work/Cuba-Nica-Chess/Cuba-Nica-Chess/assets/js/main.js">
      <metrics statements="33" coveredstatements="33" conditionals="21" coveredconditionals="19" methods="11" coveredmethods="9"/>
      <line num="7" count="11" type="stmt"/>
      <line num="10" count="11" type="cond" truecount="1" falsecount="1"/>
      <line num="11" count="11" type="stmt"/>
      <line num="12" count="11" type="cond" truecount="2" falsecount="0"/>
      <line num="13" count="11" type="stmt"/>
      <line num="15" count="11" type="stmt"/>
      <line num="16" count="29" type="stmt"/>
      <line num="19" count="29" type="cond" truecount="5" falsecount="0"/>
      <line num="20" count="3" type="stmt"/>
      <line num="21" count="26" type="cond" truecount="2" falsecount="0"/>
      <line num="22" count="7" type="stmt"/>
      <line num="24" count="19" type="stmt"/>
      <line num="29" count="1" type="stmt"/>
      <line num="33" count="6" type="stmt"/>
      <line num="34" count="6" type="cond" truecount="2" falsecount="0"/>
      <line num="35" count="2" type="stmt"/>
      <line num="37" count="4" type="stmt"/>
      <line num="43" count="7" type="stmt"/>
      <line num="45" count="7" type="stmt"/>
      <line num="46" count="7" type="stmt"/>
      <line num="47" count="7" type="stmt"/>
      <line num="48" count="7" type="cond" truecount="2" falsecount="0"/>
      <line num="49" count="6" type="stmt"/>
      <line num="50" count="6" type="stmt"/>
      <line num="51" count="6" type="cond" truecount="2" falsecount="0"/>
      <line num="52" count="4" type="stmt"/>
      <line num="62" count="1" type="stmt"/>
      <line num="68" count="4" type="stmt"/>
      <line num="75" count="4" type="stmt"/>
      <line num="81" count="4" type="stmt"/>
      <line num="85" count="1" type="stmt"/>
      <line num="91" count="1" type="cond" truecount="3" falsecount="1"/>
      <line num="92" count="1" type="stmt"/>
    </file>
  </project>
</coverage>
