{"/home/runner/work/Cuba-Nica-Chess/Cuba-Nica-Chess/assets/js/main.js": {"path":"/home/runner/work/Cuba-Nica-Chess/Cuba-Nica-Chess/assets/js/main.js","statementMap":{"0":{"start":{"line":7,"column":19},"end":{"line":7,"column":53}},"1":{"start":{"line":10,"column":18},"end":{"line":10,"column":78}},"2":{"start":{"line":11,"column":19},"end":{"line":11,"column":43}},"3":{"start":{"line":12,"column":22},"end":{"line":12,"column":46}},"4":{"start":{"line":13,"column":17},"end":{"line":13,"column":32}},"5":{"start":{"line":15,"column":2},"end":{"line":26,"column":5}},"6":{"start":{"line":16,"column":17},"end":{"line":16,"column":42}},"7":{"start":{"line":19,"column":4},"end":{"line":25,"column":5}},"8":{"start":{"line":20,"column":6},"end":{"line":20,"column":35}},"9":{"start":{"line":21,"column":11},"end":{"line":25,"column":5}},"10":{"start":{"line":22,"column":6},"end":{"line":22,"column":35}},"11":{"start":{"line":24,"column":6},"end":{"line":24,"column":38}},"12":{"start":{"line":29,"column":0},"end":{"line":29,"column":78}},"13":{"start":{"line":29,"column":52},"end":{"line":29,"column":76}},"14":{"start":{"line":33,"column":14},"end":{"line":33,"column":43}},"15":{"start":{"line":34,"column":2},"end":{"line":38,"column":3}},"16":{"start":{"line":35,"column":4},"end":{"line":35,"column":32}},"17":{"start":{"line":37,"column":4},"end":{"line":37,"column":31}},"18":{"start":{"line":43,"column":16},"end":{"line":43,"column":57}},"19":{"start":{"line":45,"column":2},"end":{"line":59,"column":5}},"20":{"start":{"line":46,"column":4},"end":{"line":58,"column":7}},"21":{"start":{"line":47,"column":19},"end":{"line":47,"column":44}},"22":{"start":{"line":48,"column":6},"end":{"line":57,"column":7}},"23":{"start":{"line":49,"column":8},"end":{"line":49,"column":27}},"24":{"start":{"line":50,"column":30},"end":{"line":50,"column":58}},"25":{"start":{"line":51,"column":8},"end":{"line":56,"column":9}},"26":{"start":{"line":52,"column":10},"end":{"line":55,"column":13}},"27":{"start":{"line":62,"column":0},"end":{"line":62,"column":64}},"28":{"start":{"line":68,"column":2},"end":{"line":68,"column":80}},"29":{"start":{"line":75,"column":2},"end":{"line":75,"column":68}},"30":{"start":{"line":81,"column":2},"end":{"line":81,"column":70}},"31":{"start":{"line":85,"column":0},"end":{"line":88,"column":3}},"32":{"start":{"line":91,"column":0},"end":{"line":100,"column":1}},"33":{"start":{"line":92,"column":2},"end":{"line":99,"column":4}}},"fnMap":{"0":{"name":"highlightActiveNavLink","decl":{"start":{"line":6,"column":9},"end":{"line":6,"column":31}},"loc":{"start":{"line":6,"column":42},"end":{"line":27,"column":1}},"line":6},"1":{"name":"(anonymous_1)","decl":{"start":{"line":15,"column":19},"end":{"line":15,"column":20}},"loc":{"start":{"line":15,"column":27},"end":{"line":26,"column":3}},"line":15},"2":{"name":"(anonymous_2)","decl":{"start":{"line":29,"column":46},"end":{"line":29,"column":47}},"loc":{"start":{"line":29,"column":52},"end":{"line":29,"column":76}},"line":29},"3":{"name":"toggleMobileMenu","decl":{"start":{"line":32,"column":9},"end":{"line":32,"column":25}},"loc":{"start":{"line":32,"column":28},"end":{"line":39,"column":1}},"line":32},"4":{"name":"initSmoothScroll","decl":{"start":{"line":42,"column":9},"end":{"line":42,"column":25}},"loc":{"start":{"line":42,"column":28},"end":{"line":60,"column":1}},"line":42},"5":{"name":"(anonymous_5)","decl":{"start":{"line":45,"column":16},"end":{"line":45,"column":17}},"loc":{"start":{"line":45,"column":24},"end":{"line":59,"column":3}},"line":45},"6":{"name":"(anonymous_6)","decl":{"start":{"line":46,"column":35},"end":{"line":46,"column":36}},"loc":{"start":{"line":46,"column":48},"end":{"line":58,"column":5}},"line":46},"7":{"name":"initLichessIntegration","decl":{"start":{"line":66,"column":9},"end":{"line":66,"column":31}},"loc":{"start":{"line":66,"column":34},"end":{"line":69,"column":1}},"line":66},"8":{"name":"initAIChat","decl":{"start":{"line":73,"column":9},"end":{"line":73,"column":19}},"loc":{"start":{"line":73,"column":22},"end":{"line":76,"column":1}},"line":73},"9":{"name":"trackPageView","decl":{"start":{"line":79,"column":9},"end":{"line":79,"column":22}},"loc":{"start":{"line":79,"column":25},"end":{"line":82,"column":1}},"line":79},"10":{"name":"(anonymous_10)","decl":{"start":{"line":85,"column":32},"end":{"line":85,"column":33}},"loc":{"start":{"line":85,"column":44},"end":{"line":88,"column":1}},"line":85}},"branchMap":{"0":{"loc":{"start":{"line":10,"column":18},"end":{"line":10,"column":78}},"type":"cond-expr","locations":[{"start":{"line":10,"column":43},"end":{"line":10,"column":51}},{"start":{"line":10,"column":54},"end":{"line":10,"column":78}}],"line":10},"1":{"loc":{"start":{"line":12,"column":22},"end":{"line":12,"column":46}},"type":"binary-expr","locations":[{"start":{"line":12,"column":22},"end":{"line":12,"column":30}},{"start":{"line":12,"column":34},"end":{"line":12,"column":46}}],"line":12},"2":{"loc":{"start":{"line":19,"column":4},"end":{"line":25,"column":5}},"type":"if","locations":[{"start":{"line":19,"column":4},"end":{"line":25,"column":5}},{"start":{"line":21,"column":11},"end":{"line":25,"column":5}}],"line":19},"3":{"loc":{"start":{"line":19,"column":8},"end":{"line":19,"column":57}},"type":"binary-expr","locations":[{"start":{"line":19,"column":8},"end":{"line":19,"column":14}},{"start":{"line":19,"column":19},"end":{"line":19,"column":40}},{"start":{"line":19,"column":44},"end":{"line":19,"column":56}}],"line":19},"4":{"loc":{"start":{"line":21,"column":11},"end":{"line":25,"column":5}},"type":"if","locations":[{"start":{"line":21,"column":11},"end":{"line":25,"column":5}},{"start":{"line":23,"column":11},"end":{"line":25,"column":5}}],"line":21},"5":{"loc":{"start":{"line":34,"column":2},"end":{"line":38,"column":3}},"type":"if","locations":[{"start":{"line":34,"column":2},"end":{"line":38,"column":3}},{"start":{"line":36,"column":9},"end":{"line":38,"column":3}}],"line":34},"6":{"loc":{"start":{"line":48,"column":6},"end":{"line":57,"column":7}},"type":"if","locations":[{"start":{"line":48,"column":6},"end":{"line":57,"column":7}},{"start":{},"end":{}}],"line":48},"7":{"loc":{"start":{"line":51,"column":8},"end":{"line":56,"column":9}},"type":"if","locations":[{"start":{"line":51,"column":8},"end":{"line":56,"column":9}},{"start":{},"end":{}}],"line":51},"8":{"loc":{"start":{"line":91,"column":0},"end":{"line":100,"column":1}},"type":"if","locations":[{"start":{"line":91,"column":0},"end":{"line":100,"column":1}},{"start":{},"end":{}}],"line":91},"9":{"loc":{"start":{"line":91,"column":4},"end":{"line":91,"column":51}},"type":"binary-expr","locations":[{"start":{"line":91,"column":4},"end":{"line":91,"column":33}},{"start":{"line":91,"column":37},"end":{"line":91,"column":51}}],"line":91}},"s":{"0":11,"1":11,"2":11,"3":11,"4":11,"5":11,"6":29,"7":29,"8":3,"9":26,"10":7,"11":19,"12":1,"13":0,"14":6,"15":6,"16":2,"17":4,"18":7,"19":7,"20":7,"21":7,"22":7,"23":6,"24":6,"25":6,"26":4,"27":1,"28":4,"29":4,"30":4,"31":1,"32":1,"33":1},"f":{"0":11,"1":29,"2":0,"3":6,"4":7,"5":7,"6":7,"7":4,"8":4,"9":4,"10":0},"b":{"0":[11,0],"1":[11,3],"2":[3,26],"3":[29,6,4],"4":[7,19],"5":[2,4],"6":[6,1],"7":[4,2],"8":[1,0],"9":[1,1]},"_coverageSchema":"1a1c01bbd47fc00a2c39e90264f33305004495a9","hash":"7ff8eeea7b324b0f7c4c14d1636ee023f5a52e37"}
}
