TN:
SF:assets/js/main.js
FN:6,highlightActiveNavLink
FN:15,(anonymous_1)
FN:29,(anonymous_2)
FN:32,toggleMobileMenu
FN:42,initSmoothScroll
FN:45,(anonymous_5)
FN:46,(anonymous_6)
FN:66,initLichessIntegration
FN:73,initAIChat
FN:79,trackPageView
FN:85,(anonymous_10)
FNF:11
FNH:9
FNDA:11,highlightActiveNavLink
FNDA:29,(anonymous_1)
FNDA:0,(anonymous_2)
FNDA:6,toggleMobileMenu
FNDA:7,initSmoothScroll
FNDA:7,(anonymous_5)
FNDA:7,(anonymous_6)
FNDA:4,initLichessIntegration
FNDA:4,initAIChat
FNDA:4,trackPageView
FNDA:0,(anonymous_10)
DA:7,11
DA:10,11
DA:11,11
DA:12,11
DA:13,11
DA:15,11
DA:16,29
DA:19,29
DA:20,3
DA:21,26
DA:22,7
DA:24,19
DA:29,1
DA:33,6
DA:34,6
DA:35,2
DA:37,4
DA:43,7
DA:45,7
DA:46,7
DA:47,7
DA:48,7
DA:49,6
DA:50,6
DA:51,6
DA:52,4
DA:62,1
DA:68,4
DA:75,4
DA:81,4
DA:85,1
DA:91,1
DA:92,1
LF:33
LH:33
BRDA:10,0,0,11
BRDA:10,0,1,0
BRDA:12,1,0,11
BRDA:12,1,1,3
BRDA:19,2,0,3
BRDA:19,2,1,26
BRDA:19,3,0,29
BRDA:19,3,1,6
BRDA:19,3,2,4
BRDA:21,4,0,7
BRDA:21,4,1,19
BRDA:34,5,0,2
BRDA:34,5,1,4
BRDA:48,6,0,6
BRDA:48,6,1,1
BRDA:51,7,0,4
BRDA:51,7,1,2
BRDA:91,8,0,1
BRDA:91,8,1,0
BRDA:91,9,0,1
BRDA:91,9,1,1
BRF:21
BRH:19
end_of_record
